<?xml version="1.0" encoding="UTF-8"?>
<robot generator="Robot 4.0.1b1 (Python 3.9.0 on win32)" generated="20210419 19:03:18.277" rpa="false" schemaversion="2">
<suite id="s1" name="Show Command" source="D:\pythonProject\testcases\show_command.robot">
<test id="s1-t1" name="SHOW BROWSER">
<kw name="[OpenBrowser] Chrome" library="keywords">
<kw name="Open Browser" library="Selenium2Library">
<arg>${Show2}</arg>
<arg>Chrome</arg>
<doc>Opens a new browser instance to the optional ``url``.</doc>
<msg timestamp="20210419 19:03:18.636" level="INFO">Opening browser 'Chrome' to base url 'https://www.tutorialspoint.com/jmeter/'.</msg>
<status status="PASS" starttime="20210419 19:03:18.636" endtime="20210419 19:03:25.553"/>
</kw>
<kw name="Maximize Browser Window" library="Selenium2Library">
<doc>Maximizes current browser window.</doc>
<status status="PASS" starttime="20210419 19:03:25.553" endtime="20210419 19:03:25.697"/>
</kw>
<status status="PASS" starttime="20210419 19:03:18.636" endtime="20210419 19:03:25.698"/>
</kw>
<status status="PASS" starttime="20210419 19:03:18.635" endtime="20210419 19:03:25.700"/>
</test>
<status status="PASS" starttime="20210419 19:03:18.279" endtime="20210419 19:03:25.704"/>
</suite>
<statistics>
<total>
<stat pass="1" fail="0" skip="0">All Tests</stat>
</total>
<tag>
</tag>
<suite>
<stat pass="1" fail="0" skip="0" id="s1" name="Show Command">Show Command</stat>
</suite>
</statistics>
<errors>
</errors>
</robot>
